Performing C SOURCE FILE Test CMAKE_HAVE_LIBC_PTHREAD failed with the following output:
Change Dir: /home/philipp/chair_manipulation_ws/src/chair_grasp_detection/cmake-build-debug/CMakeFiles/CMakeTmp

Run Build Command(s):/usr/bin/make cmTC_6a6f5/fast && /usr/bin/make -f CMakeFiles/cmTC_6a6f5.dir/build.make CMakeFiles/cmTC_6a6f5.dir/build
make[1]: Entering directory '/home/philipp/chair_manipulation_ws/src/chair_grasp_detection/cmake-build-debug/CMakeFiles/CMakeTmp'
Building C object CMakeFiles/cmTC_6a6f5.dir/src.c.o
/usr/bin/cc   -DCMAKE_HAVE_LIBC_PTHREAD   -o CMakeFiles/cmTC_6a6f5.dir/src.c.o   -c /home/philipp/chair_manipulation_ws/src/chair_grasp_detection/cmake-build-debug/CMakeFiles/CMakeTmp/src.c
Linking C executable cmTC_6a6f5
/home/philipp/jetbrains/clion-2020.1.1/bin/cmake/linux/bin/cmake -E cmake_link_script CMakeFiles/cmTC_6a6f5.dir/link.txt --verbose=1
/usr/bin/cc  -DCMAKE_HAVE_LIBC_PTHREAD    -rdynamic CMakeFiles/cmTC_6a6f5.dir/src.c.o  -o cmTC_6a6f5 
CMakeFiles/cmTC_6a6f5.dir/src.c.o: In function `main':
src.c:(.text+0x3e): undefined reference to `pthread_create'
src.c:(.text+0x4a): undefined reference to `pthread_detach'
src.c:(.text+0x5b): undefined reference to `pthread_join'
src.c:(.text+0x6f): undefined reference to `pthread_atfork'
collect2: error: ld returned 1 exit status
CMakeFiles/cmTC_6a6f5.dir/build.make:86: recipe for target 'cmTC_6a6f5' failed
make[1]: *** [cmTC_6a6f5] Error 1
make[1]: Leaving directory '/home/philipp/chair_manipulation_ws/src/chair_grasp_detection/cmake-build-debug/CMakeFiles/CMakeTmp'
Makefile:121: recipe for target 'cmTC_6a6f5/fast' failed
make: *** [cmTC_6a6f5/fast] Error 2


Source file was:
#include <pthread.h>

void* test_func(void* data)
{
  return data;
}

int main(void)
{
  pthread_t thread;
  pthread_create(&thread, NULL, test_func, NULL);
  pthread_detach(thread);
  pthread_join(thread, NULL);
  pthread_atfork(NULL, NULL, NULL);
  pthread_exit(NULL);

  return 0;
}

Determining if the function pthread_create exists in the pthreads failed with the following output:
Change Dir: /home/philipp/chair_manipulation_ws/src/chair_grasp_detection/cmake-build-debug/CMakeFiles/CMakeTmp

Run Build Command(s):/usr/bin/make cmTC_7575c/fast && /usr/bin/make -f CMakeFiles/cmTC_7575c.dir/build.make CMakeFiles/cmTC_7575c.dir/build
make[1]: Entering directory '/home/philipp/chair_manipulation_ws/src/chair_grasp_detection/cmake-build-debug/CMakeFiles/CMakeTmp'
Building C object CMakeFiles/cmTC_7575c.dir/CheckFunctionExists.c.o
/usr/bin/cc   -DCHECK_FUNCTION_EXISTS=pthread_create   -o CMakeFiles/cmTC_7575c.dir/CheckFunctionExists.c.o   -c /home/philipp/jetbrains/clion-2020.1.1/bin/cmake/linux/share/cmake-3.16/Modules/CheckFunctionExists.c
Linking C executable cmTC_7575c
/home/philipp/jetbrains/clion-2020.1.1/bin/cmake/linux/bin/cmake -E cmake_link_script CMakeFiles/cmTC_7575c.dir/link.txt --verbose=1
/usr/bin/cc  -DCHECK_FUNCTION_EXISTS=pthread_create    -rdynamic CMakeFiles/cmTC_7575c.dir/CheckFunctionExists.c.o  -o cmTC_7575c  -lpthreads 
/usr/bin/ld: cannot find -lpthreads
collect2: error: ld returned 1 exit status
CMakeFiles/cmTC_7575c.dir/build.make:86: recipe for target 'cmTC_7575c' failed
make[1]: *** [cmTC_7575c] Error 1
make[1]: Leaving directory '/home/philipp/chair_manipulation_ws/src/chair_grasp_detection/cmake-build-debug/CMakeFiles/CMakeTmp'
Makefile:121: recipe for target 'cmTC_7575c/fast' failed
make: *** [cmTC_7575c/fast] Error 2



